----- 2011/1/7 下午 05:36:13: Job 'hrap': ANALYSIS started by Periodic Timer on computer 'FRANKPC' (GoodSync 8.5.7.7 on Windows 7) -----
hrap: D:\hrap =forced-PropDels=> P:\hrap, SavePrevVers=30d, TmpDest, EstReq, CopyLocked, FileLinksDrill, CaseInSens, Reconnect=3
Exclude licens*.rfo|cache.rfo|mru.rfo|mpp*.rfo|RoboForm Online Account.rfp|/System Volume Information|Thumbs.db|.DS_Store 
Left: Reading State File D:\hrap\_gsdata_\_file_state._gs
Left: State file does not exist: D:\hrap\_gsdata_\_file_state._gs
Left: No State File found, New State will be built
Left: Files: 417 (excluded 0). Folders: 59 (excluded 0). D: NTFS, Free: 36.4 GB, Total: 416 GB
Right: Reading State File P:\hrap\_gsdata_\_file_state._gs
Right: State file does not exist: P:\hrap\_gsdata_\_file_state._gs
Right: No State File found, New State will be built
Right: Files: 417 (excluded 0). Folders: 59 (excluded 0). P: \\frankpc2\d NTFS, Free: 852 GB, Total: 931 GB
Changes: 0, Conflicts: 0, CopyTime: 0, CopyState: 476, Errors: 0
----- 2011/1/7 下午 05:36:14: Analysis Completed. Time 00:00:01, Speed: 476 files/s -----

===== 2011/1/7 下午 05:36:14: Job 'hrap': SYNC started by Periodic Timer on computer 'FRANKPC' =====
hrap: D:\hrap =forced-PropDels=> P:\hrap, SavePrevVers=30d, TmpDest, EstReq, CopyLocked, FileLinksDrill, CaseInSens, Reconnect=3
Locking folder D:\hrap for write
Locking folder P:\hrap for write
Sync State: /Classes
Sync State: /Classes/PHPExcel
Sync State: /Classes/PHPExcel/Calculation
Sync State: /Classes/PHPExcel/Calculation/Exception.php
Sync State: /Classes/PHPExcel/Calculation/ExceptionHandler.php
Sync State: /Classes/PHPExcel/Calculation/FormulaParser.php
Sync State: /Classes/PHPExcel/Calculation/FormulaToken.php
Sync State: /Classes/PHPExcel/Calculation/Function.php
Sync State: /Classes/PHPExcel/Calculation/functionlist.txt
Sync State: /Classes/PHPExcel/Calculation/Functions.php
Sync State: /Classes/PHPExcel/Cell
Sync State: /Classes/PHPExcel/Cell/AdvancedValueBinder.php
Sync State: /Classes/PHPExcel/Cell/DataType.php
Sync State: /Classes/PHPExcel/Cell/DataValidation.php
Sync State: /Classes/PHPExcel/Cell/DefaultValueBinder.php
Sync State: /Classes/PHPExcel/Cell/Hyperlink.php
Sync State: /Classes/PHPExcel/Cell/IValueBinder.php
Sync State: /Classes/PHPExcel/Reader
Sync State: /Classes/PHPExcel/Reader/Excel5
Sync State: /Classes/PHPExcel/Reader/Excel5/Escher.php
Sync State: /Classes/PHPExcel/Reader/CSV.php
Sync State: /Classes/PHPExcel/Reader/DefaultReadFilter.php
Sync State: /Classes/PHPExcel/Reader/Excel2003XML.php
Sync State: /Classes/PHPExcel/Reader/Excel2007.php
Sync State: /Classes/PHPExcel/Reader/Excel5.php
Sync State: /Classes/PHPExcel/Reader/IReader.php
Sync State: /Classes/PHPExcel/Reader/IReadFilter.php
Sync State: /Classes/PHPExcel/Reader/OOCalc.php
Sync State: /Classes/PHPExcel/Reader/Serialized.php
Sync State: /Classes/PHPExcel/Reader/SYLK.php
Sync State: /Classes/PHPExcel/RichText
Sync State: /Classes/PHPExcel/RichText/ITextElement.php
Sync State: /Classes/PHPExcel/RichText/Run.php
Sync State: /Classes/PHPExcel/RichText/TextElement.php
Sync State: /Classes/PHPExcel/Shared
Sync State: /Classes/PHPExcel/Shared/Escher
Sync State: /Classes/PHPExcel/Shared/Escher/DgContainer
Sync State: /Classes/PHPExcel/Shared/Escher/DgContainer/SpgrContainer
Sync State: /Classes/PHPExcel/Shared/Escher/DgContainer/SpgrContainer/SpContainer.php
Sync State: /Classes/PHPExcel/Shared/Escher/DgContainer/SpgrContainer.php
Sync State: /Classes/PHPExcel/Shared/Escher/DggContainer
Sync State: /Classes/PHPExcel/Shared/Escher/DggContainer/BstoreContainer
Sync State: /Classes/PHPExcel/Shared/Escher/DggContainer/BstoreContainer/BSE
Sync State: /Classes/PHPExcel/Shared/Escher/DggContainer/BstoreContainer/BSE/Blip.php
Sync State: /Classes/PHPExcel/Shared/Escher/DggContainer/BstoreContainer/BSE.php
Sync State: /Classes/PHPExcel/Shared/Escher/DggContainer/BstoreContainer.php
Sync State: /Classes/PHPExcel/Shared/Escher/DgContainer.php
Sync State: /Classes/PHPExcel/Shared/Escher/DggContainer.php
Sync State: /Classes/PHPExcel/Shared/JAMA
Sync State: /Classes/PHPExcel/Shared/JAMA/docs
Sync State: /Classes/PHPExcel/Shared/JAMA/docs/includes
Sync State: /Classes/PHPExcel/Shared/JAMA/docs/includes/credits.php
Sync State: /Classes/PHPExcel/Shared/JAMA/docs/includes/footer.php
Sync State: /Classes/PHPExcel/Shared/JAMA/docs/includes/header.php
Sync State: /Classes/PHPExcel/Shared/JAMA/docs/includes/navbar.php
Sync State: /Classes/PHPExcel/Shared/JAMA/docs/docs.php
Sync State: /Classes/PHPExcel/Shared/JAMA/docs/download.php
Sync State: /Classes/PHPExcel/Shared/JAMA/docs/example.php
Sync State: /Classes/PHPExcel/Shared/JAMA/docs/index.php
Sync State: /Classes/PHPExcel/Shared/JAMA/docs/package.php
Sync State: /Classes/PHPExcel/Shared/JAMA/docs/test.php
Sync State: /Classes/PHPExcel/Shared/JAMA/examples
Sync State: /Classes/PHPExcel/Shared/JAMA/examples/benchmark.php
Sync State: /Classes/PHPExcel/Shared/JAMA/examples/LagrangeInterpolation.php
Sync State: /Classes/PHPExcel/Shared/JAMA/examples/LagrangeInterpolation2.php
Sync State: /Classes/PHPExcel/Shared/JAMA/examples/LevenbergMarquardt.php
Sync State: /Classes/PHPExcel/Shared/JAMA/examples/LMQuadTest.php
Sync State: /Classes/PHPExcel/Shared/JAMA/examples/MagicSquareExample.php
Sync State: /Classes/PHPExcel/Shared/JAMA/examples/polyfit.php
Sync State: /Classes/PHPExcel/Shared/JAMA/examples/Stats.php
Sync State: /Classes/PHPExcel/Shared/JAMA/examples/tile.php
Sync State: /Classes/PHPExcel/Shared/JAMA/tests
Sync State: /Classes/PHPExcel/Shared/JAMA/tests/TestMatrix.php
Sync State: /Classes/PHPExcel/Shared/JAMA/utils
Sync State: /Classes/PHPExcel/Shared/JAMA/utils/Error.php
Sync State: /Classes/PHPExcel/Shared/JAMA/utils/Maths.php
Sync State: /Classes/PHPExcel/Shared/JAMA/CHANGELOG.TXT
Sync State: /Classes/PHPExcel/Shared/JAMA/CholeskyDecomposition.php
Sync State: /Classes/PHPExcel/Shared/JAMA/EigenvalueDecomposition.php
Sync State: /Classes/PHPExcel/Shared/JAMA/LUDecomposition.php
Sync State: /Classes/PHPExcel/Shared/JAMA/Matrix.php
Sync State: /Classes/PHPExcel/Shared/JAMA/QRDecomposition.php
Sync State: /Classes/PHPExcel/Shared/JAMA/SingularValueDecomposition.php
Sync State: /Classes/PHPExcel/Shared/OLE
Sync State: /Classes/PHPExcel/Shared/OLE/ChainedBlockStream.php
Sync State: /Classes/PHPExcel/Shared/OLE/OLE_File.php
Sync State: /Classes/PHPExcel/Shared/OLE/OLE_PPS.php
Sync State: /Classes/PHPExcel/Shared/OLE/OLE_Root.php
Sync State: /Classes/PHPExcel/Shared/PDF
Sync State: /Classes/PHPExcel/Shared/PDF/cache
Sync State: /Classes/PHPExcel/Shared/PDF/cache/chapter_demo_1.txt
Sync State: /Classes/PHPExcel/Shared/PDF/cache/chapter_demo_2.txt
Sync State: /Classes/PHPExcel/Shared/PDF/cache/table_data_demo.txt
Sync State: /Classes/PHPExcel/Shared/PDF/cache/utf8test.txt
Sync State: /Classes/PHPExcel/Shared/PDF/config
Sync State: /Classes/PHPExcel/Shared/PDF/config/lang
Sync State: /Classes/PHPExcel/Shared/PDF/config/lang/eng.php
Sync State: /Classes/PHPExcel/Shared/PDF/config/lang/ita.php
Sync State: /Classes/PHPExcel/Shared/PDF/config/tcpdf_config.php
Sync State: /Classes/PHPExcel/Shared/PDF/config/tcpdf_config_alt.php
Sync State: /Classes/PHPExcel/Shared/PDF/fonts
Sync State: /Classes/PHPExcel/Shared/PDF/fonts/freefont-20090104
Sync State: /Classes/PHPExcel/Shared/PDF/fonts/freefont-20090104/AUTHORS
Sync State: /Classes/PHPExcel/Shared/PDF/fonts/freefont-20090104/ChangeLog
Sync State: /Classes/PHPExcel/Shared/PDF/fonts/freefont-20090104/COPYING
Sync State: /Classes/PHPExcel/Shared/PDF/fonts/freefont-20090104/CREDITS
Sync State: /Classes/PHPExcel/Shared/PDF/fonts/freefont-20090104/INSTALL
Sync State: /Classes/PHPExcel/Shared/PDF/fonts/freefont-20090104/README
Sync State: /Classes/PHPExcel/Shared/PDF/fonts/.noencode
Sync State: /Classes/PHPExcel/Shared/PDF/fonts/arialunicid0-chinese-simplified.php
Sync State: /Classes/PHPExcel/Shared/PDF/fonts/arialunicid0-chinese-traditional.php
Sync State: /Classes/PHPExcel/Shared/PDF/fonts/arialunicid0-japanese.php
Sync State: /Classes/PHPExcel/Shared/PDF/fonts/arialunicid0-korean.php
Sync State: /Classes/PHPExcel/Shared/PDF/fonts/arialunicid0.php
Sync State: /Classes/PHPExcel/Shared/PDF/fonts/courier.php
Sync State: /Classes/PHPExcel/Shared/PDF/fonts/freesans.ctg.z
Sync State: /Classes/PHPExcel/Shared/PDF/fonts/freesans.php
Sync State: /Classes/PHPExcel/Shared/PDF/fonts/freesans.z
Sync State: /Classes/PHPExcel/Shared/PDF/fonts/freesansb.ctg.z
Sync State: /Classes/PHPExcel/Shared/PDF/fonts/freesansb.php
Sync State: /Classes/PHPExcel/Shared/PDF/fonts/freesansb.z
Sync State: /Classes/PHPExcel/Shared/PDF/fonts/freesansbi.ctg.z
Sync State: /Classes/PHPExcel/Shared/PDF/fonts/freesansbi.php
Sync State: /Classes/PHPExcel/Shared/PDF/fonts/freesansbi.z
Sync State: /Classes/PHPExcel/Shared/PDF/fonts/freesansi.ctg.z
Sync State: /Classes/PHPExcel/Shared/PDF/fonts/freesansi.php
Sync State: /Classes/PHPExcel/Shared/PDF/fonts/freesansi.z
Sync State: /Classes/PHPExcel/Shared/PDF/fonts/helvetica.php
Sync State: /Classes/PHPExcel/Shared/PDF/fonts/helveticab.php
Sync State: /Classes/PHPExcel/Shared/PDF/fonts/helveticabi.php
Sync State: /Classes/PHPExcel/Shared/PDF/fonts/helveticai.php
Sync State: /Classes/PHPExcel/Shared/PDF/fonts/README.TXT
Sync State: /Classes/PHPExcel/Shared/PDF/fonts/uni2cid_ac15.php
Sync State: /Classes/PHPExcel/Shared/PDF/fonts/uni2cid_ag15.php
Sync State: /Classes/PHPExcel/Shared/PDF/fonts/uni2cid_aj16.php
Sync State: /Classes/PHPExcel/Shared/PDF/fonts/uni2cid_ak12.php
Sync State: /Classes/PHPExcel/Shared/PDF/images
Sync State: /Classes/PHPExcel/Shared/PDF/images/_blank.png
Sync State: /Classes/PHPExcel/Shared/PDF/2dbarcodes.php
Sync State: /Classes/PHPExcel/Shared/PDF/barcodes.php
Sync State: /Classes/PHPExcel/Shared/PDF/CHANGELOG.TXT
Sync State: /Classes/PHPExcel/Shared/PDF/htmlcolors.php
Sync State: /Classes/PHPExcel/Shared/PDF/LICENSE.TXT
Sync State: /Classes/PHPExcel/Shared/PDF/README.TXT
Sync State: /Classes/PHPExcel/Shared/PDF/tcpdf.crt
Sync State: /Classes/PHPExcel/Shared/PDF/tcpdf.fdf
Sync State: /Classes/PHPExcel/Shared/PDF/tcpdf.php
Sync State: /Classes/PHPExcel/Shared/PDF/unicode_data.php
Sync State: /Classes/PHPExcel/Shared/trend
Sync State: /Classes/PHPExcel/Shared/trend/bestFitClass.php
Sync State: /Classes/PHPExcel/Shared/trend/exponentialBestFitClass.php
Sync State: /Classes/PHPExcel/Shared/trend/linearBestFitClass.php
Sync State: /Classes/PHPExcel/Shared/trend/logarithmicBestFitClass.php
Sync State: /Classes/PHPExcel/Shared/trend/polynomialBestFitClass.php
Sync State: /Classes/PHPExcel/Shared/trend/powerBestFitClass.php
Sync State: /Classes/PHPExcel/Shared/trend/trendClass.php
Sync State: /Classes/PHPExcel/Shared/Date.php
Sync State: /Classes/PHPExcel/Shared/Drawing.php
Sync State: /Classes/PHPExcel/Shared/Escher.php
Sync State: /Classes/PHPExcel/Shared/Excel5.php
Sync State: /Classes/PHPExcel/Shared/File.php
Sync State: /Classes/PHPExcel/Shared/Font.php
Sync State: /Classes/PHPExcel/Shared/OLE.php
Sync State: /Classes/PHPExcel/Shared/OLERead.php
Sync State: /Classes/PHPExcel/Shared/PasswordHasher.php
Sync State: /Classes/PHPExcel/Shared/PDF.php
Sync State: /Classes/PHPExcel/Shared/String.php
Sync State: /Classes/PHPExcel/Shared/XMLWriter.php
Sync State: /Classes/PHPExcel/Shared/ZipStreamWrapper.php
Sync State: /Classes/PHPExcel/Style
Sync State: /Classes/PHPExcel/Style/Alignment.php
Sync State: /Classes/PHPExcel/Style/Border.php
Sync State: /Classes/PHPExcel/Style/Borders.php
Sync State: /Classes/PHPExcel/Style/Color.php
Sync State: /Classes/PHPExcel/Style/Conditional.php
Sync State: /Classes/PHPExcel/Style/Fill.php
Sync State: /Classes/PHPExcel/Style/Font.php
Sync State: /Classes/PHPExcel/Style/NumberFormat.php
Sync State: /Classes/PHPExcel/Style/Protection.php
Sync State: /Classes/PHPExcel/Worksheet
Sync State: /Classes/PHPExcel/Worksheet/Drawing
Sync State: /Classes/PHPExcel/Worksheet/Drawing/Shadow.php
Sync State: /Classes/PHPExcel/Worksheet/BaseDrawing.php
Sync State: /Classes/PHPExcel/Worksheet/CellIterator.php
Sync State: /Classes/PHPExcel/Worksheet/ColumnDimension.php
Sync State: /Classes/PHPExcel/Worksheet/Drawing.php
Sync State: /Classes/PHPExcel/Worksheet/HeaderFooter.php
Sync State: /Classes/PHPExcel/Worksheet/HeaderFooterDrawing.php
Sync State: /Classes/PHPExcel/Worksheet/MemoryDrawing.php
Sync State: /Classes/PHPExcel/Worksheet/PageMargins.php
Sync State: /Classes/PHPExcel/Worksheet/PageSetup.php
Sync State: /Classes/PHPExcel/Worksheet/Protection.php
Sync State: /Classes/PHPExcel/Worksheet/Row.php
Sync State: /Classes/PHPExcel/Worksheet/RowDimension.php
Sync State: /Classes/PHPExcel/Worksheet/RowIterator.php
Sync State: /Classes/PHPExcel/Worksheet/SheetView.php
Sync State: /Classes/PHPExcel/Writer
Sync State: /Classes/PHPExcel/Writer/Excel2007
Sync State: /Classes/PHPExcel/Writer/Excel2007/Comments.php
Sync State: /Classes/PHPExcel/Writer/Excel2007/ContentTypes.php
Sync State: /Classes/PHPExcel/Writer/Excel2007/DocProps.php
Sync State: /Classes/PHPExcel/Writer/Excel2007/Drawing.php
Sync State: /Classes/PHPExcel/Writer/Excel2007/Rels.php
Sync State: /Classes/PHPExcel/Writer/Excel2007/StringTable.php
Sync State: /Classes/PHPExcel/Writer/Excel2007/Style.php
Sync State: /Classes/PHPExcel/Writer/Excel2007/Theme.php
Sync State: /Classes/PHPExcel/Writer/Excel2007/Workbook.php
Sync State: /Classes/PHPExcel/Writer/Excel2007/Worksheet.php
Sync State: /Classes/PHPExcel/Writer/Excel2007/WriterPart.php
Sync State: /Classes/PHPExcel/Writer/Excel5
Sync State: /Classes/PHPExcel/Writer/Excel5/BIFFwriter.php
Sync State: /Classes/PHPExcel/Writer/Excel5/Escher.php
Sync State: /Classes/PHPExcel/Writer/Excel5/Font.php
Sync State: /Classes/PHPExcel/Writer/Excel5/Parser.php
Sync State: /Classes/PHPExcel/Writer/Excel5/Workbook.php
Sync State: /Classes/PHPExcel/Writer/Excel5/Worksheet.php
Sync State: /Classes/PHPExcel/Writer/Excel5/Xf.php
Sync State: /Classes/PHPExcel/Writer/CSV.php
Sync State: /Classes/PHPExcel/Writer/Excel2007.php
Sync State: /Classes/PHPExcel/Writer/Excel5.php
Sync State: /Classes/PHPExcel/Writer/HTML.php
Sync State: /Classes/PHPExcel/Writer/IWriter.php
Sync State: /Classes/PHPExcel/Writer/PDF.php
Sync State: /Classes/PHPExcel/Writer/Serialized.php
Sync State: /Classes/PHPExcel/Calculation.php
Sync State: /Classes/PHPExcel/Cell.php
Sync State: /Classes/PHPExcel/Comment.php
Sync State: /Classes/PHPExcel/DocumentProperties.php
Sync State: /Classes/PHPExcel/DocumentSecurity.php
Sync State: /Classes/PHPExcel/HashTable.php
Sync State: /Classes/PHPExcel/IComparable.php
Sync State: /Classes/PHPExcel/IOFactory.php
Sync State: /Classes/PHPExcel/NamedRange.php
Sync State: /Classes/PHPExcel/ReferenceHelper.php
Sync State: /Classes/PHPExcel/RichText.php
Sync State: /Classes/PHPExcel/Style.php
Sync State: /Classes/PHPExcel/Worksheet.php
Sync State: /Classes/PHPExcel/WorksheetIterator.php
Sync State: /Classes/PHPExcel.php
Sync State: /datepicker
Sync State: /datepicker/lang
Sync State: /datepicker/lang/en.js
Sync State: /datepicker/lang/zh-cn.js
Sync State: /datepicker/lang/zh-tw.js
Sync State: /datepicker/skin
Sync State: /datepicker/skin/default
Sync State: /datepicker/skin/default/datepicker.css
Sync State: /datepicker/skin/default/img.gif
Sync State: /datepicker/skin/datePicker.gif
Sync State: /datepicker/skin/WdatePicker.css
Sync State: /datepicker/calendar.js
Sync State: /datepicker/config.js
Sync State: /datepicker/config.js.bak
Sync State: /datepicker/feiyu.asgard.cn-demo-My97DatePicker-main.mdi
Sync State: /datepicker/My97DatePicker.htm
Sync State: /datepicker/WdatePicker.js
Sync State: /fpdf
Sync State: /fpdf/font
Sync State: /fpdf/font/makefont
Sync State: /fpdf/font/makefont/cp1250.map
Sync State: /fpdf/font/makefont/cp1251.map
Sync State: /fpdf/font/makefont/cp1252.map
Sync State: /fpdf/font/makefont/cp1253.map
Sync State: /fpdf/font/makefont/cp1254.map
Sync State: /fpdf/font/makefont/cp1255.map
Sync State: /fpdf/font/makefont/cp1257.map
Sync State: /fpdf/font/makefont/cp1258.map
Sync State: /fpdf/font/makefont/cp874.map
Sync State: /fpdf/font/makefont/iso-8859-1.map
Sync State: /fpdf/font/makefont/iso-8859-11.map
Sync State: /fpdf/font/makefont/iso-8859-15.map
Sync State: /fpdf/font/makefont/iso-8859-16.map
Sync State: /fpdf/font/makefont/iso-8859-2.map
Sync State: /fpdf/font/makefont/iso-8859-4.map
Sync State: /fpdf/font/makefont/iso-8859-5.map
Sync State: /fpdf/font/makefont/iso-8859-7.map
Sync State: /fpdf/font/makefont/iso-8859-9.map
Sync State: /fpdf/font/makefont/koi8-r.map
Sync State: /fpdf/font/makefont/koi8-u.map
Sync State: /fpdf/font/makefont/makefont.php
Sync State: /fpdf/font/unifont
Sync State: /fpdf/font/unifont/DejaVu_LICENSE.txt
Sync State: /fpdf/font/unifont/DejaVuSans-Bold.ttf
Sync State: /fpdf/font/unifont/DejaVuSans-BoldOblique.ttf
Sync State: /fpdf/font/unifont/DejaVuSans-ExtraLight.ttf
Sync State: /fpdf/font/unifont/DejaVuSans-Oblique.ttf
Sync State: /fpdf/font/unifont/DejaVuSans.ttf
Sync State: /fpdf/font/unifont/DejaVuSansCondensed-Bold.ttf
Sync State: /fpdf/font/unifont/DejaVuSansCondensed-BoldOblique.ttf
Sync State: /fpdf/font/unifont/DejaVuSansCondensed-Oblique.ttf
Sync State: /fpdf/font/unifont/DejaVuSansCondensed.ttf
Sync State: /fpdf/font/unifont/DejaVuSansMono-Bold.ttf
Sync State: /fpdf/font/unifont/DejaVuSansMono-BoldOblique.ttf
Sync State: /fpdf/font/unifont/DejaVuSansMono-Oblique.ttf
Sync State: /fpdf/font/unifont/DejaVuSansMono.ttf
Sync State: /fpdf/font/unifont/DejaVuSerif-Bold.ttf
Sync State: /fpdf/font/unifont/DejaVuSerif-BoldItalic.ttf
Sync State: /fpdf/font/unifont/DejaVuSerif-Italic.ttf
Sync State: /fpdf/font/unifont/DejaVuSerif.ttf
Sync State: /fpdf/font/unifont/DejaVuSerifCondensed-Bold.ttf
Sync State: /fpdf/font/unifont/DejaVuSerifCondensed-BoldItalic.ttf
Sync State: /fpdf/font/unifont/DejaVuSerifCondensed-Italic.ttf
Sync State: /fpdf/font/unifont/DejaVuSerifCondensed.ttf
Sync State: /fpdf/font/unifont/kaiu.mtx.php
Sync State: /fpdf/font/unifont/simhei.mtx.php
Sync State: /fpdf/font/unifont/ttfonts.php
Sync State: /fpdf/font/courier.php
Sync State: /fpdf/font/desktop.ini
Sync State: /fpdf/font/helvetica.php
Sync State: /fpdf/font/helveticab.php
Sync State: /fpdf/font/helveticabi.php
Sync State: /fpdf/font/helveticai.php
Sync State: /fpdf/font/symbol.php
Sync State: /fpdf/font/times.php
Sync State: /fpdf/font/timesb.php
Sync State: /fpdf/font/timesbi.php
Sync State: /fpdf/font/timesi.php
Sync State: /fpdf/font/zapfdingbats.php
Sync State: /fpdf/chinese.php
Sync State: /fpdf/ex.php
Sync State: /fpdf/fpdf.css
Sync State: /fpdf/fpdf.php
Sync State: /fpdf/index.php
Sync State: /fpdf/tfpdf.php
Sync State: /i
Sync State: /i/arrow.gif
Sync State: /i/ba.gif
Sync State: /i/bb.gif
Sync State: /i/bc.gif
Sync State: /i/bd.gif
Sync State: /i/be.gif
Sync State: /i/bz.gif
Sync State: /i/calendar.jpg
Sync State: /i/delete.gif
Sync State: /i/edit.gif
Sync State: /i/header.jpg
Sync State: /i/header.jpg1
Sync State: /i/index.php
Sync State: /i/info.gif
Sync State: /i/loginbg.jpg
Sync State: /i/logo.gif
Sync State: /i/logo.gif1
Sync State: /i/next.gif
Sync State: /i/prev.gif
Sync State: /i/space.gif
Sync State: /i/spacer.gif
Sync State: /i/topbg.gif
Sync State: /i/topbg2.gif
Sync State: /i/undelete.png
Sync State: /i/wrench.png
Sync State: /m
Sync State: /m/_createmrp.php
Sync State: /m/_createmrp2.php
Sync State: /My97DatePicker
Sync State: /My97DatePicker/lang
Sync State: /My97DatePicker/lang/en.js
Sync State: /My97DatePicker/lang/zh-cn.js
Sync State: /My97DatePicker/lang/zh-tw.js
Sync State: /My97DatePicker/skin
Sync State: /My97DatePicker/skin/default
Sync State: /My97DatePicker/skin/default/datepicker.css
Sync State: /My97DatePicker/skin/default/img.gif
Sync State: /My97DatePicker/skin/whyGreen
Sync State: /My97DatePicker/skin/whyGreen/bg.jpg
Sync State: /My97DatePicker/skin/whyGreen/datepicker.css
Sync State: /My97DatePicker/skin/whyGreen/img.gif
Sync State: /My97DatePicker/skin/datePicker.gif
Sync State: /My97DatePicker/skin/WdatePicker.css
Sync State: /My97DatePicker/calendar.js
Sync State: /My97DatePicker/config.js
Sync State: /My97DatePicker/My97DatePicker.htm
Sync State: /My97DatePicker/WdatePicker.js
Sync State: /xajax
Sync State: /xajax/xajax_controls
Sync State: /xajax/xajax_controls/content.inc.php
Sync State: /xajax/xajax_controls/document.inc.php
Sync State: /xajax/xajax_controls/form.inc.php
Sync State: /xajax/xajax_controls/group.inc.php
Sync State: /xajax/xajax_controls/misc.inc.php
Sync State: /xajax/xajax_controls/structure.inc.php
Sync State: /xajax/xajax_controls/validate_HTML401TRANSITIONAL.inc.php
Sync State: /xajax/xajax_controls/validate_XHTML10TRANSITIONAL.inc.php
Sync State: /xajax/xajax_core
Sync State: /xajax/xajax_core/plugin_layer
Sync State: /xajax/xajax_core/plugin_layer/support
Sync State: /xajax/xajax_core/plugin_layer/support/xajaxCallableObject.inc.php
Sync State: /xajax/xajax_core/plugin_layer/support/xajaxEvent.inc.php
Sync State: /xajax/xajax_core/plugin_layer/support/xajaxUserFunction.inc.php
Sync State: /xajax/xajax_core/plugin_layer/xajaxCallableObjectPlugin.inc.php
Sync State: /xajax/xajax_core/plugin_layer/xajaxDefaultIncludePlugin.inc.php
Sync State: /xajax/xajax_core/plugin_layer/xajaxEventPlugin.inc.php
Sync State: /xajax/xajax_core/plugin_layer/xajaxFunctionPlugin.inc.php
Sync State: /xajax/xajax_core/plugin_layer/xajaxScriptPlugin.inc.php
Sync State: /xajax/xajax_core/legacy.inc.php
Sync State: /xajax/xajax_core/xajax.inc.php
Sync State: /xajax/xajax_core/xajax_lang_de.inc.php
Sync State: /xajax/xajax_core/xajax_lang_nl.inc.php
Sync State: /xajax/xajax_core/xajaxArgumentManager.inc.php
Sync State: /xajax/xajax_core/xajaxCall.inc.php
Sync State: /xajax/xajax_core/xajaxCompress.inc.php
Sync State: /xajax/xajax_core/xajaxControl.inc.php
Sync State: /xajax/xajax_core/xajaxLanguageManager.inc.php
Sync State: /xajax/xajax_core/xajaxPlugin.inc.php
Sync State: /xajax/xajax_core/xajaxPluginManager.inc.php
Sync State: /xajax/xajax_core/xajaxRequest.inc.php
Sync State: /xajax/xajax_core/xajaxResponse.inc.php
Sync State: /xajax/xajax_core/xajaxResponseManager.inc.php
Sync State: /xajax/xajax_js
Sync State: /xajax/xajax_js/xajax_core.js
Sync State: /xajax/xajax_js/xajax_core_uncompressed.js
Sync State: /xajax/xajax_js/xajax_debug.js
Sync State: /xajax/xajax_js/xajax_debug_uncompressed.js
Sync State: /xajax/xajax_js/xajax_lang_bg.js
Sync State: /xajax/xajax_js/xajax_lang_bg_uncompressed.js
Sync State: /xajax/xajax_js/xajax_lang_de.js
Sync State: /xajax/xajax_js/xajax_lang_de_uncompressed.js
Sync State: /xajax/xajax_js/xajax_lang_es.js
Sync State: /xajax/xajax_js/xajax_lang_es_uncompressed.js
Sync State: /xajax/xajax_js/xajax_lang_fr.js
Sync State: /xajax/xajax_js/xajax_lang_fr_uncompressed.js
Sync State: /xajax/xajax_js/xajax_lang_nl.js
Sync State: /xajax/xajax_js/xajax_lang_nl_uncompressed.js
Sync State: /xajax/xajax_js/xajax_lang_tr.js
Sync State: /xajax/xajax_js/xajax_lang_tr_uncompressed.js
Sync State: /xajax/xajax_js/xajax_legacy.js
Sync State: /xajax/xajax_js/xajax_legacy_uncompressed.js
Sync State: /xajax/xajax_js/xajax_verbose.js
Sync State: /xajax/xajax_js/xajax_verbose_uncompressed.js
Sync State: /xajax/xajax_plugins
Sync State: /xajax/xajax_plugins/request
Sync State: /xajax/xajax_plugins/response
Sync State: /xajax/xajax_plugins/response/googleMap.inc.php
Sync State: /xajax/xajax_plugins/response/tableUpdater.inc.php
Sync State: /xajax/xajax_plugins/response/tableUpdater.js
Sync State: /xajax/index.php
Sync State: /_classes.php
Sync State: /_data.php
Sync State: /_header.php
Sync State: /aprights.php
Sync State: /aprights_batchadd.php
Sync State: /aps.php
Sync State: /aps_add.php
Sync State: /aps_edit.php
Sync State: /calendarDateInput.js
Sync State: /client.php
Sync State: /client_add.php
Sync State: /client_edit.php
Sync State: /css.css
Sync State: /department.php
Sync State: /department_add.php
Sync State: /department_edit.php
Sync State: /doLogin.php
Sync State: /doLogout.php
Sync State: /index.php
Sync State: /jquery.js
Sync State: /line.php
Sync State: /line_add.php
Sync State: /line_edit.php
Sync State: /main.php
Sync State: /mrp.php
Sync State: /mrp2.php
Sync State: /oos.css
Sync State: /pc.php
Sync State: /pc_add.php
Sync State: /pc_edit.php
Sync State: /pchistory.php
Sync State: /pchistory_add.php
Sync State: /pchistory_edit.php
Sync State: /robot.txt
Sync State: /scripts.js
Sync State: /staff.php
Sync State: /staff_add.php
Sync State: /staff_edit.php
Sync State: /users.php
Sync State: /users_add.php
Sync State: /users_edit.php
Save State File D:\hrap\_gsdata_\_file_state._gs
Save State File P:\hrap\_gsdata_\_file_state._gs
Delete lock file D:\hrap\_gsdata_\lock.gsl
Delete lock file P:\hrap\_gsdata_\lock.gsl
Items Synced OK: 476, Errors: 0
===== 2011/1/7 下午 05:36:15: Sync Completed. Time: 00:00:01, Speed:  =====

