----- 2011/2/7 上午 08:15:54：任務 'hrap'：分析已 Periodic Timer 所啟動，屬於計算機 'FRANKPC' (GoodSync v 8.5.7.7 on Windows 7) -----
hrap: D:\hrap =forced-PropDels=> P:\hrap, SavePrevVers=30d, TmpDest, EstReq, CopyLocked, FileLinksDrill, CaseInSens, Reconnect=3
已排除 licens*.rfo|cache.rfo|mru.rfo|mpp*.rfo|RoboForm Online Account.rfp|/System Volume Information|Thumbs.db|.DS_Store 
左側: 讀取狀態文件 D:\hrap\_gsdata_\_file_state._gs
左側：檔案： 443 (已排除 0)。資料夾： 59 (已排除 1)。 D: NTFS, 可用空間：162 GB，總計空間：416 GB
右側: 讀取狀態文件 P:\hrap\_gsdata_\_file_state._gs
右側：檔案： 417 (已排除 0)。資料夾： 59 (已排除 1)。 P: \\frankpc2\d NTFS, 可用空間：34.4 GB，總計空間：931 GB
同步需要磁碟 file:///P: 上的空間應為 208 KB，目前為 34.4 GB
變更：32， 沖突：0， 復制時間：0， 復制狀態：0， 錯誤： 0
Left to Right: Copy File: 32 
----- 2011/2/7 上午 08:15:55：分析已結束。 歷時 00:00:01， 速度： 503 個文件/秒 -----

===== 2011/2/7 上午 08:15:55：任務 'hrap'：同步已被 Periodic Timer 所啟動，位於計算機 'FRANKPC' =====
hrap: D:\hrap =forced-PropDels=> P:\hrap, SavePrevVers=30d, TmpDest, EstReq, CopyLocked, FileLinksDrill, CaseInSens, Reconnect=3
Locking folder D:\hrap for write
Locking folder P:\hrap for write
新增複製 'D:\hrap\i\ba (2).gif' -> 'P:\hrap\i\ba (2).gif'
覆寫複製 'D:\hrap\doLogin.php' -> 'P:\hrap\doLogin.php'
覆寫複製 'D:\hrap\doLogout.php' -> 'P:\hrap\doLogout.php'
新增複製 'D:\hrap\mrpold.php' -> 'P:\hrap\mrpold.php'
新增複製 'D:\hrap\myphpinfo.php' -> 'P:\hrap\myphpinfo.php'
新增複製 'D:\hrap\performance.php' -> 'P:\hrap\performance.php'
新增複製 'D:\hrap\performance_addbatch.php' -> 'P:\hrap\performance_addbatch.php'
新增複製 'D:\hrap\performance_addone.php' -> 'P:\hrap\performance_addone.php'
新增複製 'D:\hrap\performance_edit.php' -> 'P:\hrap\performance_edit.php'
新增複製 'D:\hrap\product.php' -> 'P:\hrap\product.php'
新增複製 'D:\hrap\product_add.php' -> 'P:\hrap\product_add.php'
新增複製 'D:\hrap\product_edit.php' -> 'P:\hrap\product_edit.php'
覆寫複製 'D:\hrap\scripts.js' -> 'P:\hrap\scripts.js'
新增複製 'D:\hrap\step.php' -> 'P:\hrap\step.php'
新增複製 'D:\hrap\step_add.php' -> 'P:\hrap\step_add.php'
新增複製 'D:\hrap\step_edit.php' -> 'P:\hrap\step_edit.php'
新增複製 'D:\hrap\stepproduct.php' -> 'P:\hrap\stepproduct.php'
新增複製 'D:\hrap\stepproduct_add.php' -> 'P:\hrap\stepproduct_add.php'
新增複製 'D:\hrap\stepproduct_edit.php' -> 'P:\hrap\stepproduct_edit.php'
新增複製 'D:\hrap\technician.php' -> 'P:\hrap\technician.php'
新增複製 'D:\hrap\technician_add.php' -> 'P:\hrap\technician_add.php'
新增複製 'D:\hrap\technician_edit.php' -> 'P:\hrap\technician_edit.php'
新增複製 'D:\hrap\technicianstep.php' -> 'P:\hrap\technicianstep.php'
新增複製 'D:\hrap\technicianstep_add.php' -> 'P:\hrap\technicianstep_add.php'
新增複製 'D:\hrap\technicianstep_edit.php' -> 'P:\hrap\technicianstep_edit.php'
覆寫複製 'D:\hrap\users.php' -> 'P:\hrap\users.php'
覆寫複製 'D:\hrap\users_add.php' -> 'P:\hrap\users_add.php'
覆寫複製 'D:\hrap\users_edit.php' -> 'P:\hrap\users_edit.php'
新增複製 'D:\hrap\worklog.php' -> 'P:\hrap\worklog.php'
新增複製 'D:\hrap\worklog_add.php' -> 'P:\hrap\worklog_add.php'
新增複製 'D:\hrap\worklog_detail.php' -> 'P:\hrap\worklog_detail.php'
新增複製 'D:\hrap\worklog_edit.php' -> 'P:\hrap\worklog_edit.php'
儲存狀態檔案 D:\hrap\_gsdata_\_file_state._gs
儲存狀態檔案 P:\hrap\_gsdata_\_file_state._gs
Delete lock file D:\hrap\_gsdata_\lock.gsl
Delete lock file P:\hrap\_gsdata_\lock.gsl
項目同步未必： 32，錯誤： 0
===== 2011/2/7 上午 08:15:56：同步完畢。時間：00:00:01，速度：  =====

